<?xml version="1.0" encoding="UTF-8"?>
<testng-results ignored="0" total="4" passed="4" failed="0" skipped="0">
  <reporter-output>
  </reporter-output>
  <suite started-at="2024-09-25T14:44:24 IST" name="All Test Suite" finished-at="2024-09-25T14:44:33 IST" duration-ms="9496">
    <groups>
    </groups>
    <test started-at="2024-09-25T14:44:24 IST" name="C:/Users/LENOVO/IdeaProjects/APIAutomation/src/test/java/org/example/TestNG/TestCase_Integration.java" finished-at="2024-09-25T14:44:33 IST" duration-ms="9496">
      <class name="org.example.TestNG.CRUD.TestCase_Integration">
        <test-method signature="test_update_request_put()[pri:1, instance:org.example.TestNG.CRUD.TestCase_Integration@4229bb3f]" started-at="2024-09-25T14:44:24 IST" name="test_update_request_put" finished-at="2024-09-25T14:44:33 IST" duration-ms="9370" status="PASS">
          <reporter-output>
          </reporter-output>
        </test-method> <!-- test_update_request_put -->
        <test-method signature="test_update_request_get()[pri:2, instance:org.example.TestNG.CRUD.TestCase_Integration@4229bb3f]" started-at="2024-09-25T14:44:33 IST" name="test_update_request_get" finished-at="2024-09-25T14:44:33 IST" duration-ms="3" status="PASS">
          <reporter-output>
          </reporter-output>
        </test-method> <!-- test_update_request_get -->
        <test-method signature="test_delete_booking()[pri:3, instance:org.example.TestNG.CRUD.TestCase_Integration@4229bb3f]" started-at="2024-09-25T14:44:33 IST" name="test_delete_booking" finished-at="2024-09-25T14:44:33 IST" duration-ms="2" status="PASS">
          <reporter-output>
          </reporter-output>
        </test-method> <!-- test_delete_booking -->
        <test-method signature="test_after_delete_request_get()[pri:4, instance:org.example.TestNG.CRUD.TestCase_Integration@4229bb3f]" started-at="2024-09-25T14:44:33 IST" name="test_after_delete_request_get" finished-at="2024-09-25T14:44:33 IST" duration-ms="1" status="PASS">
          <reporter-output>
          </reporter-output>
        </test-method> <!-- test_after_delete_request_get -->
      </class> <!-- org.example.TestNG.CRUD.TestCase_Integration -->
    </test> <!-- C:/Users/LENOVO/IdeaProjects/APIAutomation/src/test/java/org/example/TestNG/TestCase_Integration.java -->
  </suite> <!-- All Test Suite -->
</testng-results>
